build/app/intermediates/manifest_merge_blame_file/debug/manifest-merger-blame-debug-report.txt
1<?xml version="1.0" encoding="utf-8"?>
2<manifest xmlns:android="http://schemas.android.com/apk/res/android"
3    package="com.example.lostandfoundproject"
4    android:versionCode="1"
5    android:versionName="1.0" >
6
7    <uses-sdk
8        android:minSdkVersion="23"
9        android:targetSdkVersion="35" />
10    <!--
11         The INTERNET permission is required for development. Specifically,
12         the Flutter tool needs it to communicate with the running application
13         to allow setting breakpoints, to provide hot reload, etc.
14    -->
15    <uses-permission android:name="android.permission.INTERNET" />
15-->src/debug/AndroidManifest.xml:6:5-66
15-->src/debug/AndroidManifest.xml:6:22-64
16    <uses-permission android:name="android.permission.ACCESS_FINE_LOCATION" />
16-->src/debug/AndroidManifest.xml:7:5-78
16-->src/debug/AndroidManifest.xml:7:22-76
17    <uses-permission android:name="android.permission.ACCESS_COARSE_LOCATION" />
17-->src/debug/AndroidManifest.xml:8:5-80
17-->src/debug/AndroidManifest.xml:8:22-78
18    <!--
19     Required to query activities that can process text, see:
20         https://developer.android.com/training/package-visibility and
21         https://developer.android.com/reference/android/content/Intent#ACTION_PROCESS_TEXT.
22
23         In particular, this is used by the Flutter engine in io.flutter.plugin.text.ProcessTextPlugin.
24    -->
25    <queries>
25-->src/main/AndroidManifest.xml:39:5-44:15
26        <intent>
26-->src/main/AndroidManifest.xml:40:9-43:18
27            <action android:name="android.intent.action.PROCESS_TEXT" />
27-->src/main/AndroidManifest.xml:41:13-72
27-->src/main/AndroidManifest.xml:41:21-70
28
29            <data android:mimeType="text/plain" />
29-->src/main/AndroidManifest.xml:42:13-50
29-->src/main/AndroidManifest.xml:42:19-48
30        </intent>
31        <!-- Needs to be explicitly declared on Android R+ -->
32        <package android:name="com.google.android.apps.maps" />
32-->[com.google.android.gms:play-services-maps:18.2.0] AndroidManifest.xml:33:9-64
32-->[com.google.android.gms:play-services-maps:18.2.0] AndroidManifest.xml:33:18-61
33    </queries> <!-- Include required permissions for Google Maps API to run. -->
34    <uses-permission android:name="android.permission.ACCESS_NETWORK_STATE" />
34-->[com.google.android.gms:play-services-maps:18.2.0] AndroidManifest.xml:23:5-79
34-->[com.google.android.gms:play-services-maps:18.2.0] AndroidManifest.xml:23:22-76
35
36    <uses-feature
36-->[com.google.android.gms:play-services-maps:18.2.0] AndroidManifest.xml:26:5-28:35
37        android:glEsVersion="0x00020000"
37-->[com.google.android.gms:play-services-maps:18.2.0] AndroidManifest.xml:27:9-41
38        android:required="true" />
38-->[com.google.android.gms:play-services-maps:18.2.0] AndroidManifest.xml:28:9-32
39
40    <uses-permission android:name="com.google.android.providers.gsf.permission.READ_GSERVICES" />
40-->[com.google.android.recaptcha:recaptcha:18.5.1] AndroidManifest.xml:9:5-98
40-->[com.google.android.recaptcha:recaptcha:18.5.1] AndroidManifest.xml:9:22-95
41
42    <permission
42-->[androidx.core:core:1.13.1] AndroidManifest.xml:22:5-24:47
43        android:name="com.example.lostandfoundproject.DYNAMIC_RECEIVER_NOT_EXPORTED_PERMISSION"
43-->[androidx.core:core:1.13.1] AndroidManifest.xml:23:9-81
44        android:protectionLevel="signature" />
44-->[androidx.core:core:1.13.1] AndroidManifest.xml:24:9-44
45
46    <uses-permission android:name="com.example.lostandfoundproject.DYNAMIC_RECEIVER_NOT_EXPORTED_PERMISSION" />
46-->[androidx.core:core:1.13.1] AndroidManifest.xml:26:5-97
46-->[androidx.core:core:1.13.1] AndroidManifest.xml:26:22-94
47
48    <application
49        android:name="android.app.Application"
49-->src/main/AndroidManifest.xml:4:9-42
50        android:appComponentFactory="androidx.core.app.CoreComponentFactory"
50-->[androidx.core:core:1.13.1] AndroidManifest.xml:28:18-86
51        android:debuggable="true"
52        android:extractNativeLibs="false"
53        android:icon="@mipmap/ic_launcher"
53-->src/main/AndroidManifest.xml:5:9-43
54        android:label="lostandfoundproject" >
54-->src/main/AndroidManifest.xml:3:9-44
55
56        <!-- Google Maps API Key -->
57        <meta-data
57-->src/debug/AndroidManifest.xml:12:9-14:74
58            android:name="com.google.android.geo.API_KEY"
58-->src/debug/AndroidManifest.xml:13:17-62
59            android:value="AIzaSyB1zJ4A56DYwCNQPA0_Qiw8emmUX6HMDcU" />
59-->src/debug/AndroidManifest.xml:14:17-72
60
61        <activity
61-->src/main/AndroidManifest.xml:6:9-27:20
62            android:name="com.example.lostandfoundproject.MainActivity"
62-->src/main/AndroidManifest.xml:7:13-41
63            android:configChanges="orientation|keyboardHidden|keyboard|screenSize|smallestScreenSize|locale|layoutDirection|fontScale|screenLayout|density|uiMode"
63-->src/main/AndroidManifest.xml:12:13-163
64            android:exported="true"
64-->src/main/AndroidManifest.xml:8:13-36
65            android:hardwareAccelerated="true"
65-->src/main/AndroidManifest.xml:13:13-47
66            android:launchMode="singleTop"
66-->src/main/AndroidManifest.xml:9:13-43
67            android:taskAffinity=""
67-->src/main/AndroidManifest.xml:10:13-36
68            android:theme="@style/LaunchTheme"
68-->src/main/AndroidManifest.xml:11:13-47
69            android:windowSoftInputMode="adjustResize" >
69-->src/main/AndroidManifest.xml:14:13-55
70
71            <!--
72                 Specifies an Android theme to apply to this Activity as soon as
73                 the Android process has started. This theme is visible to the user
74                 while the Flutter UI initializes. After that, this theme continues
75                 to determine the Window background behind the Flutter UI.
76            -->
77            <meta-data
77-->src/main/AndroidManifest.xml:19:13-22:17
78                android:name="io.flutter.embedding.android.NormalTheme"
78-->src/main/AndroidManifest.xml:20:15-70
79                android:resource="@style/NormalTheme" />
79-->src/main/AndroidManifest.xml:21:15-52
80
81            <intent-filter>
81-->src/main/AndroidManifest.xml:23:13-26:29
82                <action android:name="android.intent.action.MAIN" />
82-->src/main/AndroidManifest.xml:24:17-68
82-->src/main/AndroidManifest.xml:24:25-66
83
84                <category android:name="android.intent.category.LAUNCHER" />
84-->src/main/AndroidManifest.xml:25:17-76
84-->src/main/AndroidManifest.xml:25:27-74
85            </intent-filter>
86        </activity>
87        <!--
88 Don't delete the meta-data below.
89             This is used by the Flutter tool to generate GeneratedPluginRegistrant.java
90        -->
91        <meta-data
91-->src/main/AndroidManifest.xml:30:9-32:33
92            android:name="flutterEmbedding"
92-->src/main/AndroidManifest.xml:31:13-44
93            android:value="2" />
93-->src/main/AndroidManifest.xml:32:13-30
94
95        <service
95-->[:cloud_firestore] AndroidManifest.xml:8:9-12:19
96            android:name="com.google.firebase.components.ComponentDiscoveryService"
96-->[:cloud_firestore] AndroidManifest.xml:8:18-89
97            android:directBootAware="true"
97-->[com.google.firebase:firebase-common:21.0.0] AndroidManifest.xml:32:13-43
98            android:exported="false" >
98-->[com.google.firebase:firebase-auth:23.1.0] AndroidManifest.xml:68:13-37
99            <meta-data
99-->[:cloud_firestore] AndroidManifest.xml:9:13-11:85
100                android:name="com.google.firebase.components:io.flutter.plugins.firebase.firestore.FlutterFirebaseFirestoreRegistrar"
100-->[:cloud_firestore] AndroidManifest.xml:10:17-134
101                android:value="com.google.firebase.components.ComponentRegistrar" />
101-->[:cloud_firestore] AndroidManifest.xml:11:17-82
102            <meta-data
102-->[:firebase_auth] AndroidManifest.xml:9:13-11:85
103                android:name="com.google.firebase.components:io.flutter.plugins.firebase.auth.FlutterFirebaseAuthRegistrar"
103-->[:firebase_auth] AndroidManifest.xml:10:17-124
104                android:value="com.google.firebase.components.ComponentRegistrar" />
104-->[:firebase_auth] AndroidManifest.xml:11:17-82
105            <meta-data
105-->[:firebase_core] AndroidManifest.xml:9:13-11:85
106                android:name="com.google.firebase.components:io.flutter.plugins.firebase.core.FlutterFirebaseCoreRegistrar"
106-->[:firebase_core] AndroidManifest.xml:10:17-124
107                android:value="com.google.firebase.components.ComponentRegistrar" />
107-->[:firebase_core] AndroidManifest.xml:11:17-82
108            <meta-data
108-->[com.google.firebase:firebase-auth:23.1.0] AndroidManifest.xml:69:13-71:85
109                android:name="com.google.firebase.components:com.google.firebase.auth.FirebaseAuthRegistrar"
109-->[com.google.firebase:firebase-auth:23.1.0] AndroidManifest.xml:70:17-109
110                android:value="com.google.firebase.components.ComponentRegistrar" />
110-->[com.google.firebase:firebase-auth:23.1.0] AndroidManifest.xml:71:17-82
111            <meta-data
111-->[com.google.firebase:firebase-firestore:25.1.1] AndroidManifest.xml:17:13-19:85
112                android:name="com.google.firebase.components:com.google.firebase.firestore.FirebaseFirestoreKtxRegistrar"
112-->[com.google.firebase:firebase-firestore:25.1.1] AndroidManifest.xml:18:17-122
113                android:value="com.google.firebase.components.ComponentRegistrar" />
113-->[com.google.firebase:firebase-firestore:25.1.1] AndroidManifest.xml:19:17-82
114            <meta-data
114-->[com.google.firebase:firebase-firestore:25.1.1] AndroidManifest.xml:20:13-22:85
115                android:name="com.google.firebase.components:com.google.firebase.firestore.FirestoreRegistrar"
115-->[com.google.firebase:firebase-firestore:25.1.1] AndroidManifest.xml:21:17-111
116                android:value="com.google.firebase.components.ComponentRegistrar" />
116-->[com.google.firebase:firebase-firestore:25.1.1] AndroidManifest.xml:22:17-82
117            <meta-data
117-->[com.google.firebase:firebase-common-ktx:21.0.0] AndroidManifest.xml:12:13-14:85
118                android:name="com.google.firebase.components:com.google.firebase.ktx.FirebaseCommonLegacyRegistrar"
118-->[com.google.firebase:firebase-common-ktx:21.0.0] AndroidManifest.xml:13:17-116
119                android:value="com.google.firebase.components.ComponentRegistrar" />
119-->[com.google.firebase:firebase-common-ktx:21.0.0] AndroidManifest.xml:14:17-82
120            <meta-data
120-->[com.google.firebase:firebase-common:21.0.0] AndroidManifest.xml:35:13-37:85
121                android:name="com.google.firebase.components:com.google.firebase.FirebaseCommonKtxRegistrar"
121-->[com.google.firebase:firebase-common:21.0.0] AndroidManifest.xml:36:17-109
122                android:value="com.google.firebase.components.ComponentRegistrar" />
122-->[com.google.firebase:firebase-common:21.0.0] AndroidManifest.xml:37:17-82
123        </service>
124
125        <provider
125-->[:image_picker_android] AndroidManifest.xml:9:9-17:20
126            android:name="io.flutter.plugins.imagepicker.ImagePickerFileProvider"
126-->[:image_picker_android] AndroidManifest.xml:10:13-82
127            android:authorities="com.example.lostandfoundproject.flutter.image_provider"
127-->[:image_picker_android] AndroidManifest.xml:11:13-74
128            android:exported="false"
128-->[:image_picker_android] AndroidManifest.xml:12:13-37
129            android:grantUriPermissions="true" >
129-->[:image_picker_android] AndroidManifest.xml:13:13-47
130            <meta-data
130-->[:image_picker_android] AndroidManifest.xml:14:13-16:75
131                android:name="android.support.FILE_PROVIDER_PATHS"
131-->[:image_picker_android] AndroidManifest.xml:15:17-67
132                android:resource="@xml/flutter_image_picker_file_paths" />
132-->[:image_picker_android] AndroidManifest.xml:16:17-72
133        </provider> <!-- Trigger Google Play services to install the backported photo picker module. -->
134        <service
134-->[:image_picker_android] AndroidManifest.xml:19:9-31:19
135            android:name="com.google.android.gms.metadata.ModuleDependencies"
135-->[:image_picker_android] AndroidManifest.xml:20:13-78
136            android:enabled="false"
136-->[:image_picker_android] AndroidManifest.xml:21:13-36
137            android:exported="false" >
137-->[:image_picker_android] AndroidManifest.xml:22:13-37
138            <intent-filter>
138-->[:image_picker_android] AndroidManifest.xml:24:13-26:29
139                <action android:name="com.google.android.gms.metadata.MODULE_DEPENDENCIES" />
139-->[:image_picker_android] AndroidManifest.xml:25:17-94
139-->[:image_picker_android] AndroidManifest.xml:25:25-91
140            </intent-filter>
141
142            <meta-data
142-->[:image_picker_android] AndroidManifest.xml:28:13-30:36
143                android:name="photopicker_activity:0:required"
143-->[:image_picker_android] AndroidManifest.xml:29:17-63
144                android:value="" />
144-->[:image_picker_android] AndroidManifest.xml:30:17-33
145        </service>
146        <service
146-->[:geolocator_android] AndroidManifest.xml:8:9-12:56
147            android:name="com.baseflow.geolocator.GeolocatorLocationService"
147-->[:geolocator_android] AndroidManifest.xml:9:13-77
148            android:enabled="true"
148-->[:geolocator_android] AndroidManifest.xml:10:13-35
149            android:exported="false"
149-->[:geolocator_android] AndroidManifest.xml:11:13-37
150            android:foregroundServiceType="location" /> <!-- Needs to be explicitly declared on P+ -->
150-->[:geolocator_android] AndroidManifest.xml:12:13-53
151        <uses-library
151-->[com.google.android.gms:play-services-maps:18.2.0] AndroidManifest.xml:39:9-41:40
152            android:name="org.apache.http.legacy"
152-->[com.google.android.gms:play-services-maps:18.2.0] AndroidManifest.xml:40:13-50
153            android:required="false" />
153-->[com.google.android.gms:play-services-maps:18.2.0] AndroidManifest.xml:41:13-37
154
155        <activity
155-->[com.google.firebase:firebase-auth:23.1.0] AndroidManifest.xml:29:9-46:20
156            android:name="com.google.firebase.auth.internal.GenericIdpActivity"
156-->[com.google.firebase:firebase-auth:23.1.0] AndroidManifest.xml:30:13-80
157            android:excludeFromRecents="true"
157-->[com.google.firebase:firebase-auth:23.1.0] AndroidManifest.xml:31:13-46
158            android:exported="true"
158-->[com.google.firebase:firebase-auth:23.1.0] AndroidManifest.xml:32:13-36
159            android:launchMode="singleTask"
159-->[com.google.firebase:firebase-auth:23.1.0] AndroidManifest.xml:33:13-44
160            android:theme="@android:style/Theme.Translucent.NoTitleBar" >
160-->[com.google.firebase:firebase-auth:23.1.0] AndroidManifest.xml:34:13-72
161            <intent-filter>
161-->[com.google.firebase:firebase-auth:23.1.0] AndroidManifest.xml:35:13-45:29
162                <action android:name="android.intent.action.VIEW" />
162-->[com.google.firebase:firebase-auth:23.1.0] AndroidManifest.xml:36:17-69
162-->[com.google.firebase:firebase-auth:23.1.0] AndroidManifest.xml:36:25-66
163
164                <category android:name="android.intent.category.DEFAULT" />
164-->[com.google.firebase:firebase-auth:23.1.0] AndroidManifest.xml:38:17-76
164-->[com.google.firebase:firebase-auth:23.1.0] AndroidManifest.xml:38:27-73
165                <category android:name="android.intent.category.BROWSABLE" />
165-->[com.google.firebase:firebase-auth:23.1.0] AndroidManifest.xml:39:17-78
165-->[com.google.firebase:firebase-auth:23.1.0] AndroidManifest.xml:39:27-75
166
167                <data
167-->src/main/AndroidManifest.xml:42:13-50
168                    android:host="firebase.auth"
169                    android:path="/"
170                    android:scheme="genericidp" />
171            </intent-filter>
172        </activity>
173        <activity
173-->[com.google.firebase:firebase-auth:23.1.0] AndroidManifest.xml:47:9-64:20
174            android:name="com.google.firebase.auth.internal.RecaptchaActivity"
174-->[com.google.firebase:firebase-auth:23.1.0] AndroidManifest.xml:48:13-79
175            android:excludeFromRecents="true"
175-->[com.google.firebase:firebase-auth:23.1.0] AndroidManifest.xml:49:13-46
176            android:exported="true"
176-->[com.google.firebase:firebase-auth:23.1.0] AndroidManifest.xml:50:13-36
177            android:launchMode="singleTask"
177-->[com.google.firebase:firebase-auth:23.1.0] AndroidManifest.xml:51:13-44
178            android:theme="@android:style/Theme.Translucent.NoTitleBar" >
178-->[com.google.firebase:firebase-auth:23.1.0] AndroidManifest.xml:52:13-72
179            <intent-filter>
179-->[com.google.firebase:firebase-auth:23.1.0] AndroidManifest.xml:53:13-63:29
180                <action android:name="android.intent.action.VIEW" />
180-->[com.google.firebase:firebase-auth:23.1.0] AndroidManifest.xml:36:17-69
180-->[com.google.firebase:firebase-auth:23.1.0] AndroidManifest.xml:36:25-66
181
182                <category android:name="android.intent.category.DEFAULT" />
182-->[com.google.firebase:firebase-auth:23.1.0] AndroidManifest.xml:38:17-76
182-->[com.google.firebase:firebase-auth:23.1.0] AndroidManifest.xml:38:27-73
183                <category android:name="android.intent.category.BROWSABLE" />
183-->[com.google.firebase:firebase-auth:23.1.0] AndroidManifest.xml:39:17-78
183-->[com.google.firebase:firebase-auth:23.1.0] AndroidManifest.xml:39:27-75
184
185                <data
185-->src/main/AndroidManifest.xml:42:13-50
186                    android:host="firebase.auth"
187                    android:path="/"
188                    android:scheme="recaptcha" />
189            </intent-filter>
190        </activity>
191
192        <service
192-->[androidx.credentials:credentials-play-services-auth:1.2.0-rc01] AndroidManifest.xml:24:9-32:19
193            android:name="androidx.credentials.playservices.CredentialProviderMetadataHolder"
193-->[androidx.credentials:credentials-play-services-auth:1.2.0-rc01] AndroidManifest.xml:25:13-94
194            android:enabled="true"
194-->[androidx.credentials:credentials-play-services-auth:1.2.0-rc01] AndroidManifest.xml:26:13-35
195            android:exported="false" >
195-->[androidx.credentials:credentials-play-services-auth:1.2.0-rc01] AndroidManifest.xml:27:13-37
196            <meta-data
196-->[androidx.credentials:credentials-play-services-auth:1.2.0-rc01] AndroidManifest.xml:29:13-31:104
197                android:name="androidx.credentials.CREDENTIAL_PROVIDER_KEY"
197-->[androidx.credentials:credentials-play-services-auth:1.2.0-rc01] AndroidManifest.xml:30:17-76
198                android:value="androidx.credentials.playservices.CredentialProviderPlayServicesImpl" />
198-->[androidx.credentials:credentials-play-services-auth:1.2.0-rc01] AndroidManifest.xml:31:17-101
199        </service>
200
201        <activity
201-->[androidx.credentials:credentials-play-services-auth:1.2.0-rc01] AndroidManifest.xml:34:9-41:20
202            android:name="androidx.credentials.playservices.HiddenActivity"
202-->[androidx.credentials:credentials-play-services-auth:1.2.0-rc01] AndroidManifest.xml:35:13-76
203            android:configChanges="orientation|screenSize|screenLayout|keyboardHidden"
203-->[androidx.credentials:credentials-play-services-auth:1.2.0-rc01] AndroidManifest.xml:36:13-87
204            android:enabled="true"
204-->[androidx.credentials:credentials-play-services-auth:1.2.0-rc01] AndroidManifest.xml:37:13-35
205            android:exported="false"
205-->[androidx.credentials:credentials-play-services-auth:1.2.0-rc01] AndroidManifest.xml:38:13-37
206            android:fitsSystemWindows="true"
206-->[androidx.credentials:credentials-play-services-auth:1.2.0-rc01] AndroidManifest.xml:39:13-45
207            android:theme="@style/Theme.Hidden" >
207-->[androidx.credentials:credentials-play-services-auth:1.2.0-rc01] AndroidManifest.xml:40:13-48
208        </activity>
209        <activity
209-->[com.google.android.gms:play-services-auth:20.7.0] AndroidManifest.xml:23:9-27:75
210            android:name="com.google.android.gms.auth.api.signin.internal.SignInHubActivity"
210-->[com.google.android.gms:play-services-auth:20.7.0] AndroidManifest.xml:24:13-93
211            android:excludeFromRecents="true"
211-->[com.google.android.gms:play-services-auth:20.7.0] AndroidManifest.xml:25:13-46
212            android:exported="false"
212-->[com.google.android.gms:play-services-auth:20.7.0] AndroidManifest.xml:26:13-37
213            android:theme="@android:style/Theme.Translucent.NoTitleBar" />
213-->[com.google.android.gms:play-services-auth:20.7.0] AndroidManifest.xml:27:13-72
214        <!--
215            Service handling Google Sign-In user revocation. For apps that do not integrate with
216            Google Sign-In, this service will never be started.
217        -->
218        <service
218-->[com.google.android.gms:play-services-auth:20.7.0] AndroidManifest.xml:33:9-37:51
219            android:name="com.google.android.gms.auth.api.signin.RevocationBoundService"
219-->[com.google.android.gms:play-services-auth:20.7.0] AndroidManifest.xml:34:13-89
220            android:exported="true"
220-->[com.google.android.gms:play-services-auth:20.7.0] AndroidManifest.xml:35:13-36
221            android:permission="com.google.android.gms.auth.api.signin.permission.REVOCATION_NOTIFICATION"
221-->[com.google.android.gms:play-services-auth:20.7.0] AndroidManifest.xml:36:13-107
222            android:visibleToInstantApps="true" />
222-->[com.google.android.gms:play-services-auth:20.7.0] AndroidManifest.xml:37:13-48
223
224        <activity
224-->[com.google.android.gms:play-services-base:18.3.0] AndroidManifest.xml:20:9-22:45
225            android:name="com.google.android.gms.common.api.GoogleApiActivity"
225-->[com.google.android.gms:play-services-base:18.3.0] AndroidManifest.xml:20:19-85
226            android:exported="false"
226-->[com.google.android.gms:play-services-base:18.3.0] AndroidManifest.xml:22:19-43
227            android:theme="@android:style/Theme.Translucent.NoTitleBar" />
227-->[com.google.android.gms:play-services-base:18.3.0] AndroidManifest.xml:21:19-78
228
229        <provider
229-->[com.google.firebase:firebase-common:21.0.0] AndroidManifest.xml:23:9-28:39
230            android:name="com.google.firebase.provider.FirebaseInitProvider"
230-->[com.google.firebase:firebase-common:21.0.0] AndroidManifest.xml:24:13-77
231            android:authorities="com.example.lostandfoundproject.firebaseinitprovider"
231-->[com.google.firebase:firebase-common:21.0.0] AndroidManifest.xml:25:13-72
232            android:directBootAware="true"
232-->[com.google.firebase:firebase-common:21.0.0] AndroidManifest.xml:26:13-43
233            android:exported="false"
233-->[com.google.firebase:firebase-common:21.0.0] AndroidManifest.xml:27:13-37
234            android:initOrder="100" />
234-->[com.google.firebase:firebase-common:21.0.0] AndroidManifest.xml:28:13-36
235
236        <uses-library
236-->[androidx.window:window:1.2.0] AndroidManifest.xml:23:9-25:40
237            android:name="androidx.window.extensions"
237-->[androidx.window:window:1.2.0] AndroidManifest.xml:24:13-54
238            android:required="false" />
238-->[androidx.window:window:1.2.0] AndroidManifest.xml:25:13-37
239        <uses-library
239-->[androidx.window:window:1.2.0] AndroidManifest.xml:26:9-28:40
240            android:name="androidx.window.sidecar"
240-->[androidx.window:window:1.2.0] AndroidManifest.xml:27:13-51
241            android:required="false" />
241-->[androidx.window:window:1.2.0] AndroidManifest.xml:28:13-37
242
243        <meta-data
243-->[com.google.android.gms:play-services-basement:18.4.0] AndroidManifest.xml:6:9-122
244            android:name="com.google.android.gms.version"
244-->[com.google.android.gms:play-services-basement:18.4.0] AndroidManifest.xml:6:20-65
245            android:value="@integer/google_play_services_version" />
245-->[com.google.android.gms:play-services-basement:18.4.0] AndroidManifest.xml:6:66-119
246
247        <provider
247-->[androidx.lifecycle:lifecycle-process:2.7.0] AndroidManifest.xml:24:9-32:20
248            android:name="androidx.startup.InitializationProvider"
248-->[androidx.lifecycle:lifecycle-process:2.7.0] AndroidManifest.xml:25:13-67
249            android:authorities="com.example.lostandfoundproject.androidx-startup"
249-->[androidx.lifecycle:lifecycle-process:2.7.0] AndroidManifest.xml:26:13-68
250            android:exported="false" >
250-->[androidx.lifecycle:lifecycle-process:2.7.0] AndroidManifest.xml:27:13-37
251            <meta-data
251-->[androidx.lifecycle:lifecycle-process:2.7.0] AndroidManifest.xml:29:13-31:52
252                android:name="androidx.lifecycle.ProcessLifecycleInitializer"
252-->[androidx.lifecycle:lifecycle-process:2.7.0] AndroidManifest.xml:30:17-78
253                android:value="androidx.startup" />
253-->[androidx.lifecycle:lifecycle-process:2.7.0] AndroidManifest.xml:31:17-49
254            <meta-data
254-->[androidx.profileinstaller:profileinstaller:1.3.1] AndroidManifest.xml:29:13-31:52
255                android:name="androidx.profileinstaller.ProfileInstallerInitializer"
255-->[androidx.profileinstaller:profileinstaller:1.3.1] AndroidManifest.xml:30:17-85
256                android:value="androidx.startup" />
256-->[androidx.profileinstaller:profileinstaller:1.3.1] AndroidManifest.xml:31:17-49
257        </provider>
258
259        <receiver
259-->[androidx.profileinstaller:profileinstaller:1.3.1] AndroidManifest.xml:34:9-52:20
260            android:name="androidx.profileinstaller.ProfileInstallReceiver"
260-->[androidx.profileinstaller:profileinstaller:1.3.1] AndroidManifest.xml:35:13-76
261            android:directBootAware="false"
261-->[androidx.profileinstaller:profileinstaller:1.3.1] AndroidManifest.xml:36:13-44
262            android:enabled="true"
262-->[androidx.profileinstaller:profileinstaller:1.3.1] AndroidManifest.xml:37:13-35
263            android:exported="true"
263-->[androidx.profileinstaller:profileinstaller:1.3.1] AndroidManifest.xml:38:13-36
264            android:permission="android.permission.DUMP" >
264-->[androidx.profileinstaller:profileinstaller:1.3.1] AndroidManifest.xml:39:13-57
265            <intent-filter>
265-->[androidx.profileinstaller:profileinstaller:1.3.1] AndroidManifest.xml:40:13-42:29
266                <action android:name="androidx.profileinstaller.action.INSTALL_PROFILE" />
266-->[androidx.profileinstaller:profileinstaller:1.3.1] AndroidManifest.xml:41:17-91
266-->[androidx.profileinstaller:profileinstaller:1.3.1] AndroidManifest.xml:41:25-88
267            </intent-filter>
268            <intent-filter>
268-->[androidx.profileinstaller:profileinstaller:1.3.1] AndroidManifest.xml:43:13-45:29
269                <action android:name="androidx.profileinstaller.action.SKIP_FILE" />
269-->[androidx.profileinstaller:profileinstaller:1.3.1] AndroidManifest.xml:44:17-85
269-->[androidx.profileinstaller:profileinstaller:1.3.1] AndroidManifest.xml:44:25-82
270            </intent-filter>
271            <intent-filter>
271-->[androidx.profileinstaller:profileinstaller:1.3.1] AndroidManifest.xml:46:13-48:29
272                <action android:name="androidx.profileinstaller.action.SAVE_PROFILE" />
272-->[androidx.profileinstaller:profileinstaller:1.3.1] AndroidManifest.xml:47:17-88
272-->[androidx.profileinstaller:profileinstaller:1.3.1] AndroidManifest.xml:47:25-85
273            </intent-filter>
274            <intent-filter>
274-->[androidx.profileinstaller:profileinstaller:1.3.1] AndroidManifest.xml:49:13-51:29
275                <action android:name="androidx.profileinstaller.action.BENCHMARK_OPERATION" />
275-->[androidx.profileinstaller:profileinstaller:1.3.1] AndroidManifest.xml:50:17-95
275-->[androidx.profileinstaller:profileinstaller:1.3.1] AndroidManifest.xml:50:25-92
276            </intent-filter>
277        </receiver> <!-- The activities will be merged into the manifest of the hosting app. -->
278        <activity
278-->[com.google.android.play:core-common:2.0.3] AndroidManifest.xml:14:9-18:65
279            android:name="com.google.android.play.core.common.PlayCoreDialogWrapperActivity"
279-->[com.google.android.play:core-common:2.0.3] AndroidManifest.xml:15:13-93
280            android:exported="false"
280-->[com.google.android.play:core-common:2.0.3] AndroidManifest.xml:16:13-37
281            android:stateNotNeeded="true"
281-->[com.google.android.play:core-common:2.0.3] AndroidManifest.xml:17:13-42
282            android:theme="@style/Theme.PlayCore.Transparent" />
282-->[com.google.android.play:core-common:2.0.3] AndroidManifest.xml:18:13-62
283    </application>
284
285</manifest>